
*** Running vivado
    with args -log dds_compiler_1.vds -m64 -product Vivado -mode batch -messageDb vivado.pb -notrace -source dds_compiler_1.tcl



****** Vivado v2021.2 (64-bit)
  **** SW Build 3367213 on Tue Oct 19 02:48:09 MDT 2021
  **** IP Build 3369179 on Thu Oct 21 08:25:16 MDT 2021
    ** Copyright 1986-2021 Xilinx, Inc. All Rights Reserved.

source dds_compiler_1.tcl -notrace
create_project: Time (s): cpu = 00:00:04 ; elapsed = 00:00:05 . Memory (MB): peak = 1239.004 ; gain = 0.000
INFO: [IP_Flow 19-234] Refreshing IP repositories
INFO: [IP_Flow 19-1700] Loaded user IP repository 'p:/24spring/engs128/workspace/Nestor_Jason/FinalProject-128/Zybo-Z7-10-DMA-hw.xpr/hw/hw.ipdefs/repo'.
INFO: [IP_Flow 19-2313] Loaded Vivado IP repository 'C:/Xilinx/Vivado/2021.2/data/ip'.
WARNING: [IP_Flow 19-4995] The host OS only allows 260 characters in a normal path. The IP cache path is more than 80 characters. If you experience issues with IP caching, please consider changing the IP cache to a location with a shorter path. Alternately consider using the OS subst command to map part of the path to a drive letter. 
Current IP cache path is p:/24spring/engs128/workspace/Nestor_Jason/FinalProject-128/Zybo-Z7-10-DMA-hw.xpr/hw/hw.cache/ip 
Command: synth_design -top dds_compiler_1 -part xc7z010clg400-1 -mode out_of_context
Starting synth_design
Attempting to get a license for feature 'Synthesis' and/or device 'xc7z010'
INFO: [Common 17-349] Got license for feature 'Synthesis' and/or device 'xc7z010'
INFO: [Device 21-403] Loading part xc7z010clg400-1
INFO: [Synth 8-7079] Multithreading enabled for synth_design using a maximum of 2 processes.
INFO: [Synth 8-7078] Launching helper process for spawning children vivado processes
INFO: [Synth 8-7075] Helper process launched with PID 25192
---------------------------------------------------------------------------------
Starting RTL Elaboration : Time (s): cpu = 00:00:06 ; elapsed = 00:00:06 . Memory (MB): peak = 1239.004 ; gain = 0.000
---------------------------------------------------------------------------------
INFO: [Synth 8-638] synthesizing module 'dds_compiler_1' [p:/24spring/engs128/workspace/Nestor_Jason/FinalProject-128/Zybo-Z7-10-DMA-hw.xpr/hw/hw.gen/sources_1/ip/dds_compiler_1/synth/dds_compiler_1.vhd:69]
WARNING: [Synth 8-5640] Port 'debug_axi_pinc_in' is missing in component declaration [p:/24spring/engs128/workspace/Nestor_Jason/FinalProject-128/Zybo-Z7-10-DMA-hw.xpr/hw/hw.gen/sources_1/ip/dds_compiler_1/synth/dds_compiler_1.vhd:72]
WARNING: [Synth 8-5640] Port 'debug_axi_poff_in' is missing in component declaration [p:/24spring/engs128/workspace/Nestor_Jason/FinalProject-128/Zybo-Z7-10-DMA-hw.xpr/hw/hw.gen/sources_1/ip/dds_compiler_1/synth/dds_compiler_1.vhd:72]
WARNING: [Synth 8-5640] Port 'debug_axi_resync_in' is missing in component declaration [p:/24spring/engs128/workspace/Nestor_Jason/FinalProject-128/Zybo-Z7-10-DMA-hw.xpr/hw/hw.gen/sources_1/ip/dds_compiler_1/synth/dds_compiler_1.vhd:72]
WARNING: [Synth 8-5640] Port 'debug_axi_chan_in' is missing in component declaration [p:/24spring/engs128/workspace/Nestor_Jason/FinalProject-128/Zybo-Z7-10-DMA-hw.xpr/hw/hw.gen/sources_1/ip/dds_compiler_1/synth/dds_compiler_1.vhd:72]
WARNING: [Synth 8-5640] Port 'debug_core_nd' is missing in component declaration [p:/24spring/engs128/workspace/Nestor_Jason/FinalProject-128/Zybo-Z7-10-DMA-hw.xpr/hw/hw.gen/sources_1/ip/dds_compiler_1/synth/dds_compiler_1.vhd:72]
WARNING: [Synth 8-5640] Port 'debug_phase' is missing in component declaration [p:/24spring/engs128/workspace/Nestor_Jason/FinalProject-128/Zybo-Z7-10-DMA-hw.xpr/hw/hw.gen/sources_1/ip/dds_compiler_1/synth/dds_compiler_1.vhd:72]
WARNING: [Synth 8-5640] Port 'debug_phase_nd' is missing in component declaration [p:/24spring/engs128/workspace/Nestor_Jason/FinalProject-128/Zybo-Z7-10-DMA-hw.xpr/hw/hw.gen/sources_1/ip/dds_compiler_1/synth/dds_compiler_1.vhd:72]
	Parameter C_XDEVICEFAMILY bound to: zynq - type: string 
	Parameter C_MODE_OF_OPERATION bound to: 0 - type: integer 
	Parameter C_MODULUS bound to: 9 - type: integer 
	Parameter C_ACCUMULATOR_WIDTH bound to: 32 - type: integer 
	Parameter C_CHANNELS bound to: 1 - type: integer 
	Parameter C_HAS_PHASE_OUT bound to: 1 - type: integer 
	Parameter C_HAS_PHASEGEN bound to: 1 - type: integer 
	Parameter C_HAS_SINCOS bound to: 1 - type: integer 
	Parameter C_LATENCY bound to: 7 - type: integer 
	Parameter C_MEM_TYPE bound to: 1 - type: integer 
	Parameter C_NEGATIVE_COSINE bound to: 0 - type: integer 
	Parameter C_NEGATIVE_SINE bound to: 0 - type: integer 
	Parameter C_NOISE_SHAPING bound to: 0 - type: integer 
	Parameter C_OUTPUTS_REQUIRED bound to: 0 - type: integer 
	Parameter C_OUTPUT_FORM bound to: 0 - type: integer 
	Parameter C_OUTPUT_WIDTH bound to: 16 - type: integer 
	Parameter C_PHASE_ANGLE_WIDTH bound to: 16 - type: integer 
	Parameter C_PHASE_INCREMENT bound to: 2 - type: integer 
	Parameter C_PHASE_INCREMENT_VALUE bound to: 11010001101101110001,0,0,0,0,0,0,0,0,0,0,0,0,0,0,0 - type: string 
	Parameter C_RESYNC bound to: 0 - type: integer 
	Parameter C_PHASE_OFFSET bound to: 0 - type: integer 
	Parameter C_PHASE_OFFSET_VALUE bound to: 0,0,0,0,0,0,0,0,0,0,0,0,0,0,0,0 - type: string 
	Parameter C_OPTIMISE_GOAL bound to: 0 - type: integer 
	Parameter C_USE_DSP48 bound to: 0 - type: integer 
	Parameter C_POR_MODE bound to: 0 - type: integer 
	Parameter C_AMPLITUDE bound to: 0 - type: integer 
	Parameter C_HAS_ACLKEN bound to: 0 - type: integer 
	Parameter C_HAS_ARESETN bound to: 0 - type: integer 
	Parameter C_HAS_TLAST bound to: 0 - type: integer 
	Parameter C_HAS_TREADY bound to: 0 - type: integer 
	Parameter C_HAS_S_PHASE bound to: 0 - type: integer 
	Parameter C_S_PHASE_TDATA_WIDTH bound to: 1 - type: integer 
	Parameter C_S_PHASE_HAS_TUSER bound to: 0 - type: integer 
	Parameter C_S_PHASE_TUSER_WIDTH bound to: 1 - type: integer 
	Parameter C_HAS_S_CONFIG bound to: 0 - type: integer 
	Parameter C_S_CONFIG_SYNC_MODE bound to: 0 - type: integer 
	Parameter C_S_CONFIG_TDATA_WIDTH bound to: 1 - type: integer 
	Parameter C_HAS_M_DATA bound to: 1 - type: integer 
	Parameter C_M_DATA_TDATA_WIDTH bound to: 16 - type: integer 
	Parameter C_M_DATA_HAS_TUSER bound to: 0 - type: integer 
	Parameter C_M_DATA_TUSER_WIDTH bound to: 1 - type: integer 
	Parameter C_HAS_M_PHASE bound to: 1 - type: integer 
	Parameter C_M_PHASE_TDATA_WIDTH bound to: 32 - type: integer 
	Parameter C_M_PHASE_HAS_TUSER bound to: 0 - type: integer 
	Parameter C_M_PHASE_TUSER_WIDTH bound to: 1 - type: integer 
	Parameter C_DEBUG_INTERFACE bound to: 0 - type: integer 
	Parameter C_CHAN_WIDTH bound to: 1 - type: integer 
INFO: [Synth 8-3491] module 'dds_compiler_v6_0_21' declared at 'p:/24spring/engs128/workspace/Nestor_Jason/FinalProject-128/Zybo-Z7-10-DMA-hw.xpr/hw/hw.gen/sources_1/ip/dds_compiler_1/hdl/dds_compiler_v6_0_vh_rfs.vhd:47308' bound to instance 'U0' of component 'dds_compiler_v6_0_21' [p:/24spring/engs128/workspace/Nestor_Jason/FinalProject-128/Zybo-Z7-10-DMA-hw.xpr/hw/hw.gen/sources_1/ip/dds_compiler_1/synth/dds_compiler_1.vhd:174]
INFO: [Synth 8-256] done synthesizing module 'dds_compiler_1' (9#1) [p:/24spring/engs128/workspace/Nestor_Jason/FinalProject-128/Zybo-Z7-10-DMA-hw.xpr/hw/hw.gen/sources_1/ip/dds_compiler_1/synth/dds_compiler_1.vhd:69]
WARNING: [Synth 8-7129] Port CLK in module xbip_pipe_v3_0_6_viv__parameterized23 is either unconnected or has no load
WARNING: [Synth 8-7129] Port CE in module xbip_pipe_v3_0_6_viv__parameterized23 is either unconnected or has no load
WARNING: [Synth 8-7129] Port SCLR in module xbip_pipe_v3_0_6_viv__parameterized23 is either unconnected or has no load
WARNING: [Synth 8-7129] Port SSET in module xbip_pipe_v3_0_6_viv__parameterized23 is either unconnected or has no load
WARNING: [Synth 8-7129] Port SINIT in module xbip_pipe_v3_0_6_viv__parameterized23 is either unconnected or has no load
WARNING: [Synth 8-7129] Port CLK in module xbip_pipe_v3_0_6_viv__parameterized21 is either unconnected or has no load
WARNING: [Synth 8-7129] Port CE in module xbip_pipe_v3_0_6_viv__parameterized21 is either unconnected or has no load
WARNING: [Synth 8-7129] Port SCLR in module xbip_pipe_v3_0_6_viv__parameterized21 is either unconnected or has no load
WARNING: [Synth 8-7129] Port SSET in module xbip_pipe_v3_0_6_viv__parameterized21 is either unconnected or has no load
WARNING: [Synth 8-7129] Port SINIT in module xbip_pipe_v3_0_6_viv__parameterized21 is either unconnected or has no load
WARNING: [Synth 8-7129] Port SCLR in module xbip_pipe_v3_0_6_viv__parameterized17 is either unconnected or has no load
WARNING: [Synth 8-7129] Port SSET in module xbip_pipe_v3_0_6_viv__parameterized17 is either unconnected or has no load
WARNING: [Synth 8-7129] Port SINIT in module xbip_pipe_v3_0_6_viv__parameterized17 is either unconnected or has no load
WARNING: [Synth 8-7129] Port SCLR in module xbip_pipe_v3_0_6_viv__parameterized19 is either unconnected or has no load
WARNING: [Synth 8-7129] Port SSET in module xbip_pipe_v3_0_6_viv__parameterized19 is either unconnected or has no load
WARNING: [Synth 8-7129] Port SINIT in module xbip_pipe_v3_0_6_viv__parameterized19 is either unconnected or has no load
WARNING: [Synth 8-7129] Port SCLR in module xbip_pipe_v3_0_6_viv__parameterized15 is either unconnected or has no load
WARNING: [Synth 8-7129] Port SSET in module xbip_pipe_v3_0_6_viv__parameterized15 is either unconnected or has no load
WARNING: [Synth 8-7129] Port SINIT in module xbip_pipe_v3_0_6_viv__parameterized15 is either unconnected or has no load
WARNING: [Synth 8-7129] Port SCLR in module xbip_pipe_v3_0_6_viv__parameterized13 is either unconnected or has no load
WARNING: [Synth 8-7129] Port SSET in module xbip_pipe_v3_0_6_viv__parameterized13 is either unconnected or has no load
WARNING: [Synth 8-7129] Port SINIT in module xbip_pipe_v3_0_6_viv__parameterized13 is either unconnected or has no load
WARNING: [Synth 8-7129] Port SCLR in module sin_cos is either unconnected or has no load
WARNING: [Synth 8-7129] Port SCLR in module xbip_pipe_v3_0_6_viv__parameterized11 is either unconnected or has no load
WARNING: [Synth 8-7129] Port SSET in module xbip_pipe_v3_0_6_viv__parameterized11 is either unconnected or has no load
WARNING: [Synth 8-7129] Port SINIT in module xbip_pipe_v3_0_6_viv__parameterized11 is either unconnected or has no load
WARNING: [Synth 8-7129] Port CLK in module xbip_pipe_v3_0_6_viv__parameterized9 is either unconnected or has no load
WARNING: [Synth 8-7129] Port CE in module xbip_pipe_v3_0_6_viv__parameterized9 is either unconnected or has no load
WARNING: [Synth 8-7129] Port SCLR in module xbip_pipe_v3_0_6_viv__parameterized9 is either unconnected or has no load
WARNING: [Synth 8-7129] Port SSET in module xbip_pipe_v3_0_6_viv__parameterized9 is either unconnected or has no load
WARNING: [Synth 8-7129] Port SINIT in module xbip_pipe_v3_0_6_viv__parameterized9 is either unconnected or has no load
WARNING: [Synth 8-7129] Port SCLR in module xbip_pipe_v3_0_6_viv__parameterized7 is either unconnected or has no load
WARNING: [Synth 8-7129] Port SSET in module xbip_pipe_v3_0_6_viv__parameterized7 is either unconnected or has no load
WARNING: [Synth 8-7129] Port SINIT in module xbip_pipe_v3_0_6_viv__parameterized7 is either unconnected or has no load
WARNING: [Synth 8-7129] Port CLK in module xbip_pipe_v3_0_6_viv__parameterized5 is either unconnected or has no load
WARNING: [Synth 8-7129] Port CE in module xbip_pipe_v3_0_6_viv__parameterized5 is either unconnected or has no load
WARNING: [Synth 8-7129] Port SCLR in module xbip_pipe_v3_0_6_viv__parameterized5 is either unconnected or has no load
WARNING: [Synth 8-7129] Port SSET in module xbip_pipe_v3_0_6_viv__parameterized5 is either unconnected or has no load
WARNING: [Synth 8-7129] Port SINIT in module xbip_pipe_v3_0_6_viv__parameterized5 is either unconnected or has no load
WARNING: [Synth 8-7129] Port CLK in module xbip_pipe_v3_0_6_viv__parameterized3 is either unconnected or has no load
WARNING: [Synth 8-7129] Port CE in module xbip_pipe_v3_0_6_viv__parameterized3 is either unconnected or has no load
WARNING: [Synth 8-7129] Port SCLR in module xbip_pipe_v3_0_6_viv__parameterized3 is either unconnected or has no load
WARNING: [Synth 8-7129] Port SSET in module xbip_pipe_v3_0_6_viv__parameterized3 is either unconnected or has no load
WARNING: [Synth 8-7129] Port SINIT in module xbip_pipe_v3_0_6_viv__parameterized3 is either unconnected or has no load
WARNING: [Synth 8-7129] Port chan_addr[0] in module accum is either unconnected or has no load
WARNING: [Synth 8-7129] Port chan_addr_del2[0] in module accum is either unconnected or has no load
WARNING: [Synth 8-7129] Port chan_addr_del3[0] in module accum is either unconnected or has no load
WARNING: [Synth 8-7129] Port addr_i[3] in module accum is either unconnected or has no load
WARNING: [Synth 8-7129] Port addr_i[2] in module accum is either unconnected or has no load
WARNING: [Synth 8-7129] Port addr_i[1] in module accum is either unconnected or has no load
WARNING: [Synth 8-7129] Port addr_i[0] in module accum is either unconnected or has no load
WARNING: [Synth 8-7129] Port phase_inc_we in module accum is either unconnected or has no load
WARNING: [Synth 8-7129] Port phase_adj_we in module accum is either unconnected or has no load
WARNING: [Synth 8-7129] Port poff_in[31] in module accum is either unconnected or has no load
WARNING: [Synth 8-7129] Port poff_in[30] in module accum is either unconnected or has no load
WARNING: [Synth 8-7129] Port poff_in[29] in module accum is either unconnected or has no load
WARNING: [Synth 8-7129] Port poff_in[28] in module accum is either unconnected or has no load
WARNING: [Synth 8-7129] Port poff_in[27] in module accum is either unconnected or has no load
WARNING: [Synth 8-7129] Port poff_in[26] in module accum is either unconnected or has no load
WARNING: [Synth 8-7129] Port poff_in[25] in module accum is either unconnected or has no load
WARNING: [Synth 8-7129] Port poff_in[24] in module accum is either unconnected or has no load
WARNING: [Synth 8-7129] Port poff_in[23] in module accum is either unconnected or has no load
WARNING: [Synth 8-7129] Port poff_in[22] in module accum is either unconnected or has no load
WARNING: [Synth 8-7129] Port poff_in[21] in module accum is either unconnected or has no load
WARNING: [Synth 8-7129] Port poff_in[20] in module accum is either unconnected or has no load
WARNING: [Synth 8-7129] Port poff_in[19] in module accum is either unconnected or has no load
WARNING: [Synth 8-7129] Port poff_in[18] in module accum is either unconnected or has no load
WARNING: [Synth 8-7129] Port poff_in[17] in module accum is either unconnected or has no load
WARNING: [Synth 8-7129] Port poff_in[16] in module accum is either unconnected or has no load
WARNING: [Synth 8-7129] Port poff_in[15] in module accum is either unconnected or has no load
WARNING: [Synth 8-7129] Port poff_in[14] in module accum is either unconnected or has no load
WARNING: [Synth 8-7129] Port poff_in[13] in module accum is either unconnected or has no load
WARNING: [Synth 8-7129] Port poff_in[12] in module accum is either unconnected or has no load
WARNING: [Synth 8-7129] Port poff_in[11] in module accum is either unconnected or has no load
WARNING: [Synth 8-7129] Port poff_in[10] in module accum is either unconnected or has no load
WARNING: [Synth 8-7129] Port poff_in[9] in module accum is either unconnected or has no load
WARNING: [Synth 8-7129] Port poff_in[8] in module accum is either unconnected or has no load
WARNING: [Synth 8-7129] Port poff_in[7] in module accum is either unconnected or has no load
WARNING: [Synth 8-7129] Port poff_in[6] in module accum is either unconnected or has no load
WARNING: [Synth 8-7129] Port poff_in[5] in module accum is either unconnected or has no load
WARNING: [Synth 8-7129] Port poff_in[4] in module accum is either unconnected or has no load
WARNING: [Synth 8-7129] Port poff_in[3] in module accum is either unconnected or has no load
WARNING: [Synth 8-7129] Port poff_in[2] in module accum is either unconnected or has no load
WARNING: [Synth 8-7129] Port poff_in[1] in module accum is either unconnected or has no load
WARNING: [Synth 8-7129] Port poff_in[0] in module accum is either unconnected or has no load
WARNING: [Synth 8-7129] Port data_i[31] in module accum is either unconnected or has no load
WARNING: [Synth 8-7129] Port data_i[30] in module accum is either unconnected or has no load
WARNING: [Synth 8-7129] Port data_i[29] in module accum is either unconnected or has no load
WARNING: [Synth 8-7129] Port data_i[28] in module accum is either unconnected or has no load
WARNING: [Synth 8-7129] Port data_i[27] in module accum is either unconnected or has no load
WARNING: [Synth 8-7129] Port data_i[26] in module accum is either unconnected or has no load
WARNING: [Synth 8-7129] Port data_i[25] in module accum is either unconnected or has no load
WARNING: [Synth 8-7129] Port data_i[24] in module accum is either unconnected or has no load
WARNING: [Synth 8-7129] Port data_i[23] in module accum is either unconnected or has no load
WARNING: [Synth 8-7129] Port data_i[22] in module accum is either unconnected or has no load
WARNING: [Synth 8-7129] Port data_i[21] in module accum is either unconnected or has no load
WARNING: [Synth 8-7129] Port data_i[20] in module accum is either unconnected or has no load
WARNING: [Synth 8-7129] Port data_i[19] in module accum is either unconnected or has no load
WARNING: [Synth 8-7129] Port data_i[18] in module accum is either unconnected or has no load
WARNING: [Synth 8-7129] Port data_i[17] in module accum is either unconnected or has no load
INFO: [Common 17-14] Message 'Synth 8-7129' appears 100 times and further instances of the messages will be disabled. Use the Tcl command set_msg_config to change the current settings.
---------------------------------------------------------------------------------
Finished RTL Elaboration : Time (s): cpu = 00:00:17 ; elapsed = 00:00:20 . Memory (MB): peak = 1272.238 ; gain = 33.234
---------------------------------------------------------------------------------
---------------------------------------------------------------------------------
Start Handling Custom Attributes
---------------------------------------------------------------------------------
---------------------------------------------------------------------------------
Finished Handling Custom Attributes : Time (s): cpu = 00:00:18 ; elapsed = 00:00:22 . Memory (MB): peak = 1272.238 ; gain = 33.234
---------------------------------------------------------------------------------
---------------------------------------------------------------------------------
Finished RTL Optimization Phase 1 : Time (s): cpu = 00:00:18 ; elapsed = 00:00:22 . Memory (MB): peak = 1272.238 ; gain = 33.234
---------------------------------------------------------------------------------
Netlist sorting complete. Time (s): cpu = 00:00:00 ; elapsed = 00:00:00.021 . Memory (MB): peak = 1272.238 ; gain = 0.000
INFO: [Project 1-570] Preparing netlist for logic optimization

Processing XDC Constraints
Initializing timing engine
Parsing XDC File [p:/24spring/engs128/workspace/Nestor_Jason/FinalProject-128/Zybo-Z7-10-DMA-hw.xpr/hw/hw.gen/sources_1/ip/dds_compiler_1/dds_compiler_1_ooc.xdc] for cell 'U0'
Finished Parsing XDC File [p:/24spring/engs128/workspace/Nestor_Jason/FinalProject-128/Zybo-Z7-10-DMA-hw.xpr/hw/hw.gen/sources_1/ip/dds_compiler_1/dds_compiler_1_ooc.xdc] for cell 'U0'
Parsing XDC File [P:/24spring/engs128/workspace/Nestor_Jason/FinalProject-128/Zybo-Z7-10-DMA-hw.xpr/hw/hw.runs/dds_compiler_1_synth_1/dont_touch.xdc]
Finished Parsing XDC File [P:/24spring/engs128/workspace/Nestor_Jason/FinalProject-128/Zybo-Z7-10-DMA-hw.xpr/hw/hw.runs/dds_compiler_1_synth_1/dont_touch.xdc]
Completed Processing XDC Constraints

Netlist sorting complete. Time (s): cpu = 00:00:00 ; elapsed = 00:00:00.001 . Memory (MB): peak = 1281.133 ; gain = 0.000
INFO: [Project 1-111] Unisim Transformation Summary:
No Unisim elements were transformed.

Constraint Validation Runtime : Time (s): cpu = 00:00:00 ; elapsed = 00:00:00.035 . Memory (MB): peak = 1292.312 ; gain = 11.180
---------------------------------------------------------------------------------
Finished Constraint Validation : Time (s): cpu = 00:00:24 ; elapsed = 00:00:31 . Memory (MB): peak = 1292.312 ; gain = 53.309
---------------------------------------------------------------------------------
---------------------------------------------------------------------------------
Start Loading Part and Timing Information
---------------------------------------------------------------------------------
Loading part: xc7z010clg400-1
---------------------------------------------------------------------------------
Finished Loading Part and Timing Information : Time (s): cpu = 00:00:24 ; elapsed = 00:00:31 . Memory (MB): peak = 1292.312 ; gain = 53.309
---------------------------------------------------------------------------------
---------------------------------------------------------------------------------
Start Applying 'set_property' XDC Constraints
---------------------------------------------------------------------------------
Applied set_property KEEP_HIERARCHY = SOFT for U0. (constraint file  P:/24spring/engs128/workspace/Nestor_Jason/FinalProject-128/Zybo-Z7-10-DMA-hw.xpr/hw/hw.runs/dds_compiler_1_synth_1/dont_touch.xdc, line 9).
---------------------------------------------------------------------------------
Finished applying 'set_property' XDC Constraints : Time (s): cpu = 00:00:24 ; elapsed = 00:00:31 . Memory (MB): peak = 1292.312 ; gain = 53.309
---------------------------------------------------------------------------------
WARNING: [Synth 8-6040] Register i_rtl.i_quarter_table.i_has_sin.i_addr_mod_stage1.mod_sin_addr_reg driving address of a ROM cannot be packed in BRAM/URAM because of presence of initial value.
---------------------------------------------------------------------------------
Finished RTL Optimization Phase 2 : Time (s): cpu = 00:00:26 ; elapsed = 00:00:35 . Memory (MB): peak = 1292.312 ; gain = 53.309
---------------------------------------------------------------------------------
---------------------------------------------------------------------------------
Start RTL Component Statistics 
---------------------------------------------------------------------------------
---------------------------------------------------------------------------------
Finished RTL Component Statistics 
---------------------------------------------------------------------------------
---------------------------------------------------------------------------------
Start Part Resource Summary
---------------------------------------------------------------------------------
Part Resources:
DSPs: 80 (col length:40)
BRAMs: 120 (col length: RAMB18 40 RAMB36 20)
---------------------------------------------------------------------------------
Finished Part Resource Summary
---------------------------------------------------------------------------------
---------------------------------------------------------------------------------
Start Cross Boundary and Area Optimization
---------------------------------------------------------------------------------
WARNING: [Synth 8-7080] Parallel synthesis criteria is not met
---------------------------------------------------------------------------------
Finished Cross Boundary and Area Optimization : Time (s): cpu = 00:00:28 ; elapsed = 00:00:39 . Memory (MB): peak = 1292.312 ; gain = 53.309
---------------------------------------------------------------------------------
---------------------------------------------------------------------------------
Start Applying XDC Timing Constraints
---------------------------------------------------------------------------------
---------------------------------------------------------------------------------
Finished Applying XDC Timing Constraints : Time (s): cpu = 00:00:34 ; elapsed = 00:00:45 . Memory (MB): peak = 1292.312 ; gain = 53.309
---------------------------------------------------------------------------------
---------------------------------------------------------------------------------
Start Timing Optimization
---------------------------------------------------------------------------------
---------------------------------------------------------------------------------
Finished Timing Optimization : Time (s): cpu = 00:00:34 ; elapsed = 00:00:45 . Memory (MB): peak = 1292.312 ; gain = 53.309
---------------------------------------------------------------------------------
---------------------------------------------------------------------------------
Start Technology Mapping
---------------------------------------------------------------------------------
---------------------------------------------------------------------------------
Finished Technology Mapping : Time (s): cpu = 00:00:34 ; elapsed = 00:00:46 . Memory (MB): peak = 1294.246 ; gain = 55.242
---------------------------------------------------------------------------------
---------------------------------------------------------------------------------
Start IO Insertion
---------------------------------------------------------------------------------
---------------------------------------------------------------------------------
Start Flattening Before IO Insertion
---------------------------------------------------------------------------------
---------------------------------------------------------------------------------
Finished Flattening Before IO Insertion
---------------------------------------------------------------------------------
---------------------------------------------------------------------------------
Start Final Netlist Cleanup
---------------------------------------------------------------------------------
---------------------------------------------------------------------------------
Finished Final Netlist Cleanup
---------------------------------------------------------------------------------
---------------------------------------------------------------------------------
Finished IO Insertion : Time (s): cpu = 00:00:39 ; elapsed = 00:00:50 . Memory (MB): peak = 1303.070 ; gain = 64.066
---------------------------------------------------------------------------------
---------------------------------------------------------------------------------
Start Renaming Generated Instances
---------------------------------------------------------------------------------
---------------------------------------------------------------------------------
Finished Renaming Generated Instances : Time (s): cpu = 00:00:39 ; elapsed = 00:00:50 . Memory (MB): peak = 1303.070 ; gain = 64.066
---------------------------------------------------------------------------------
---------------------------------------------------------------------------------
Start Rebuilding User Hierarchy
---------------------------------------------------------------------------------
---------------------------------------------------------------------------------
Finished Rebuilding User Hierarchy : Time (s): cpu = 00:00:39 ; elapsed = 00:00:50 . Memory (MB): peak = 1303.070 ; gain = 64.066
---------------------------------------------------------------------------------
---------------------------------------------------------------------------------
Start Renaming Generated Ports
---------------------------------------------------------------------------------
---------------------------------------------------------------------------------
Finished Renaming Generated Ports : Time (s): cpu = 00:00:39 ; elapsed = 00:00:50 . Memory (MB): peak = 1303.070 ; gain = 64.066
---------------------------------------------------------------------------------
---------------------------------------------------------------------------------
Start Handling Custom Attributes
---------------------------------------------------------------------------------
---------------------------------------------------------------------------------
Finished Handling Custom Attributes : Time (s): cpu = 00:00:39 ; elapsed = 00:00:50 . Memory (MB): peak = 1303.070 ; gain = 64.066
---------------------------------------------------------------------------------
---------------------------------------------------------------------------------
Start Renaming Generated Nets
---------------------------------------------------------------------------------
---------------------------------------------------------------------------------
Finished Renaming Generated Nets : Time (s): cpu = 00:00:39 ; elapsed = 00:00:51 . Memory (MB): peak = 1303.070 ; gain = 64.066
---------------------------------------------------------------------------------
---------------------------------------------------------------------------------
Start Writing Synthesis Report
---------------------------------------------------------------------------------

Report BlackBoxes: 
+-+--------------+----------+
| |BlackBox name |Instances |
+-+--------------+----------+
+-+--------------+----------+

Report Cell Usage: 
+------+---------+------+
|      |Cell     |Count |
+------+---------+------+
|1     |CARRY4   |     8|
|2     |LUT1     |    11|
|3     |LUT2     |    26|
|4     |LUT3     |    18|
|5     |LUT4     |     7|
|6     |LUT5     |     7|
|7     |LUT6     |    12|
|8     |RAMB18E1 |     1|
|9     |RAMB36E1 |     7|
|16    |SRL16E   |    35|
|17    |FDRE     |   220|
+------+---------+------+
---------------------------------------------------------------------------------
Finished Writing Synthesis Report : Time (s): cpu = 00:00:39 ; elapsed = 00:00:51 . Memory (MB): peak = 1303.070 ; gain = 64.066
---------------------------------------------------------------------------------
Synthesis finished with 0 errors, 0 critical warnings and 17 warnings.
Synthesis Optimization Runtime : Time (s): cpu = 00:00:19 ; elapsed = 00:00:48 . Memory (MB): peak = 1303.070 ; gain = 43.992
Synthesis Optimization Complete : Time (s): cpu = 00:00:39 ; elapsed = 00:00:51 . Memory (MB): peak = 1303.070 ; gain = 64.066
INFO: [Project 1-571] Translating synthesized netlist
Netlist sorting complete. Time (s): cpu = 00:00:00 ; elapsed = 00:00:00.008 . Memory (MB): peak = 1315.105 ; gain = 0.000
INFO: [Netlist 29-17] Analyzing 16 Unisim elements for replacement
INFO: [Netlist 29-28] Unisim Transformation completed in 0 CPU seconds
INFO: [Project 1-570] Preparing netlist for logic optimization
INFO: [Opt 31-138] Pushed 0 inverter(s) to 0 load pin(s).
Netlist sorting complete. Time (s): cpu = 00:00:00 ; elapsed = 00:00:00.001 . Memory (MB): peak = 1318.789 ; gain = 0.000
INFO: [Project 1-111] Unisim Transformation Summary:
No Unisim elements were transformed.

Synth Design complete, checksum: f9ccb612
INFO: [Common 17-83] Releasing license: Synthesis
21 Infos, 110 Warnings, 0 Critical Warnings and 0 Errors encountered.
synth_design completed successfully
synth_design: Time (s): cpu = 00:00:43 ; elapsed = 00:00:58 . Memory (MB): peak = 1318.789 ; gain = 79.785
INFO: [Common 17-1381] The checkpoint 'P:/24spring/engs128/workspace/Nestor_Jason/FinalProject-128/Zybo-Z7-10-DMA-hw.xpr/hw/hw.runs/dds_compiler_1_synth_1/dds_compiler_1.dcp' has been generated.
INFO: [Coretcl 2-1648] Added synthesis output to IP cache for IP dds_compiler_1, cache-ID = dd0dcda25bba5d8f
INFO: [Coretcl 2-1174] Renamed 23 cell refs.
INFO: [Common 17-1381] The checkpoint 'P:/24spring/engs128/workspace/Nestor_Jason/FinalProject-128/Zybo-Z7-10-DMA-hw.xpr/hw/hw.runs/dds_compiler_1_synth_1/dds_compiler_1.dcp' has been generated.
INFO: [runtcl-4] Executing : report_utilization -file dds_compiler_1_utilization_synth.rpt -pb dds_compiler_1_utilization_synth.pb
INFO: [Common 17-206] Exiting Vivado at Wed May 22 18:19:28 2024...
